0 info it worked if it ends with ok
1 verbose cli [ 'c:\\Program Files\\nodejs\\node.exe',
1 verbose cli   'c:\\Program Files\\nodejs\\node_modules\\npm\\bin\\npm-cli.js',
1 verbose cli   'install',
1 verbose cli   'angular-payment' ]
2 info using npm@1.4.28
3 info using node@v0.10.32
4 warn package.json TipRanksPaymentApp@0.0.1 No repository field.
5 verbose readDependencies using package.json deps
6 verbose cache add [ 'angular-payment', null ]
7 verbose cache add name=undefined spec="angular-payment" args=["angular-payment",null]
8 verbose parsed url { protocol: null,
8 verbose parsed url   slashes: null,
8 verbose parsed url   auth: null,
8 verbose parsed url   host: null,
8 verbose parsed url   port: null,
8 verbose parsed url   hostname: null,
8 verbose parsed url   hash: null,
8 verbose parsed url   search: null,
8 verbose parsed url   query: null,
8 verbose parsed url   pathname: 'angular-payment',
8 verbose parsed url   path: 'angular-payment',
8 verbose parsed url   href: 'angular-payment' }
9 silly lockFile 1985115f-angular-payment angular-payment
10 verbose lock angular-payment C:\Users\Sharon\AppData\Roaming\npm-cache\1985115f-angular-payment.lock
11 silly lockFile 1985115f-angular-payment angular-payment
12 silly lockFile 1985115f-angular-payment angular-payment
13 verbose addNamed [ 'angular-payment', '' ]
14 verbose addNamed [ null, '*' ]
15 silly lockFile a55177db-angular-payment angular-payment@
16 verbose lock angular-payment@ C:\Users\Sharon\AppData\Roaming\npm-cache\a55177db-angular-payment.lock
17 silly addNameRange { name: 'angular-payment', range: '*', hasData: false }
18 verbose request where is /angular-payment
19 verbose request registry https://registry.npmjs.org/
20 verbose request id 811566fdfd713758
21 verbose url raw /angular-payment
22 verbose url resolving [ 'https://registry.npmjs.org/', './angular-payment' ]
23 verbose url resolved https://registry.npmjs.org/angular-payment
24 verbose request where is https://registry.npmjs.org/angular-payment
25 info trying registry request attempt 1 at 16:30:01
26 http GET https://registry.npmjs.org/angular-payment
27 http 404 https://registry.npmjs.org/angular-payment
28 verbose headers { date: 'Wed, 04 Feb 2015 14:30:01 GMT',
28 verbose headers   server: 'CouchDB/1.5.0 (Erlang OTP/R16B03)',
28 verbose headers   'content-type': 'application/json',
28 verbose headers   'cache-control': 'max-age=0',
28 verbose headers   'content-length': '52',
28 verbose headers   'accept-ranges': 'bytes',
28 verbose headers   via: '1.1 varnish',
28 verbose headers   age: '0',
28 verbose headers   'x-served-by': 'cache-fra1247-FRA',
28 verbose headers   'x-cache': 'MISS',
28 verbose headers   'x-cache-hits': '0',
28 verbose headers   'x-timer': 'S1423060201.763620,VS0,VE105',
28 verbose headers   'keep-alive': 'timeout=10, max=50',
28 verbose headers   connection: 'Keep-Alive' }
29 silly registry.get cb [ 404,
29 silly registry.get   { date: 'Wed, 04 Feb 2015 14:30:01 GMT',
29 silly registry.get     server: 'CouchDB/1.5.0 (Erlang OTP/R16B03)',
29 silly registry.get     'content-type': 'application/json',
29 silly registry.get     'cache-control': 'max-age=0',
29 silly registry.get     'content-length': '52',
29 silly registry.get     'accept-ranges': 'bytes',
29 silly registry.get     via: '1.1 varnish',
29 silly registry.get     age: '0',
29 silly registry.get     'x-served-by': 'cache-fra1247-FRA',
29 silly registry.get     'x-cache': 'MISS',
29 silly registry.get     'x-cache-hits': '0',
29 silly registry.get     'x-timer': 'S1423060201.763620,VS0,VE105',
29 silly registry.get     'keep-alive': 'timeout=10, max=50',
29 silly registry.get     connection: 'Keep-Alive' } ]
30 silly lockFile a55177db-angular-payment angular-payment@
31 silly lockFile a55177db-angular-payment angular-payment@
32 error 404 404 Not Found: angular-payment
32 error 404
32 error 404 'angular-payment' is not in the npm registry.
32 error 404 You should bug the author to publish it
32 error 404 It was specified as a dependency of 'TipRanksPaymentApp'
32 error 404
32 error 404 Note that you can also install from a
32 error 404 tarball, folder, or http url, or git url.
33 error System Windows_NT 6.2.9200
34 error command "c:\\Program Files\\nodejs\\node.exe" "c:\\Program Files\\nodejs\\node_modules\\npm\\bin\\npm-cli.js" "install" "angular-payment"
35 error cwd c:\TipRanks\TipRanksSource\Frontend\trunk\TipRanksDashboard\API\client\buynow\app
36 error node -v v0.10.32
37 error npm -v 1.4.28
38 error code E404
39 verbose exit [ 1, true ]
